<?xml version="1.0" encoding="UTF-8"?>
<!-- Generated by org.testng.reporters.JUnitXMLReporter -->
<testsuite ignored="1" hostname="JyothiCyril" failures="4" tests="4" name="Amazon Application - Chrome" time="44.735" errors="0" timestamp="2022-03-16T09:57:12 IST">
  <testcase classname="com.qa.testscripts.TC_Amazon_003" name="searchItem" time="8.938">
    <failure type="java.lang.AssertionError" message="The following asserts failed:
	expected [true] but found [false]">
      <![CDATA[java.lang.AssertionError: The following asserts failed:
expected [true] but found [false]
at com.qa.testscripts.TC_Amazon_003.searchItem(TC_Amazon_003.java:46)
at java.base/java.util.concurrent.ThreadPoolExecutor.runWorker(ThreadPoolExecutor.java:1136)
at java.base/java.util.concurrent.ThreadPoolExecutor$Worker.run(ThreadPoolExecutor.java:635)
at java.base/java.lang.Thread.run(Thread.java:833)
... Removed 14 stack frames]]>
    </failure>
  </testcase> <!-- searchItem -->
  <testcase classname="com.qa.testscripts.TC_Amazon_003" name="searchItem" time="8.921">
    <failure type="java.lang.AssertionError" message="The following asserts failed:
	expected [true] but found [false]">
      <![CDATA[java.lang.AssertionError: The following asserts failed:
expected [true] but found [false]
at com.qa.testscripts.TC_Amazon_003.searchItem(TC_Amazon_003.java:46)
at java.base/java.util.concurrent.ThreadPoolExecutor.runWorker(ThreadPoolExecutor.java:1136)
at java.base/java.util.concurrent.ThreadPoolExecutor$Worker.run(ThreadPoolExecutor.java:635)
at java.base/java.lang.Thread.run(Thread.java:833)
... Removed 14 stack frames]]>
    </failure>
  </testcase> <!-- searchItem -->
  <testcase classname="com.qa.testscripts.TC_Amazon_003" name="searchItem" time="9.5">
    <failure type="java.lang.AssertionError" message="The following asserts failed:
	expected [true] but found [false]">
      <![CDATA[java.lang.AssertionError: The following asserts failed:
expected [true] but found [false]
at com.qa.testscripts.TC_Amazon_003.searchItem(TC_Amazon_003.java:46)
at java.base/java.util.concurrent.ThreadPoolExecutor.runWorker(ThreadPoolExecutor.java:1136)
at java.base/java.util.concurrent.ThreadPoolExecutor$Worker.run(ThreadPoolExecutor.java:635)
at java.base/java.lang.Thread.run(Thread.java:833)
... Removed 14 stack frames]]>
    </failure>
  </testcase> <!-- searchItem -->
  <testcase classname="com.qa.testscripts.TC_Amazon_003" name="searchItem" time="6.019">
    <failure type="java.nio.file.FileSystemException" message="D:\Selenium Training\TestAutomation.Selenium\Screenshots\searchItem.png: The process cannot access the file because it is being used by another process">
      <![CDATA[java.nio.file.FileSystemException: D:\Selenium Training\TestAutomation.Selenium\Screenshots\searchItem.png: The process cannot access the file because it is being used by another process
at java.base/sun.nio.fs.WindowsException.translateToIOException(WindowsException.java:92)
at java.base/sun.nio.fs.WindowsException.rethrowAsIOException(WindowsException.java:103)
at java.base/sun.nio.fs.WindowsException.rethrowAsIOException(WindowsException.java:108)
at java.base/sun.nio.fs.WindowsFileCopy.copy(WindowsFileCopy.java:171)
at java.base/sun.nio.fs.WindowsFileSystemProvider.copy(WindowsFileSystemProvider.java:284)
at java.base/java.nio.file.Files.copy(Files.java:1305)
at org.apache.commons.io.FileUtils.copyFile(FileUtils.java:850)
at org.apache.commons.io.FileUtils.copyFile(FileUtils.java:756)
at com.qa.testscripts.TestBase.captureScreenshot(TestBase.java:63)
at com.qa.testscripts.TC_Amazon_003.searchItem(TC_Amazon_003.java:34)
at java.base/java.util.concurrent.ThreadPoolExecutor.runWorker(ThreadPoolExecutor.java:1136)
at java.base/java.util.concurrent.ThreadPoolExecutor$Worker.run(ThreadPoolExecutor.java:635)
at java.base/java.lang.Thread.run(Thread.java:833)
... Removed 12 stack frames]]>
    </failure>
  </testcase> <!-- searchItem -->
  <testcase classname="com.qa.testscripts.TC_Amazon_003" name="validateTitle" time="0.0">
    <ignored/>
  </testcase> <!-- validateTitle -->
</testsuite> <!-- Amazon Application - Chrome -->
