<?xml version="1.0" encoding="UTF-8"?>
<!-- Generated by org.testng.reporters.JUnitXMLReporter -->
<testsuite ignored="0" hostname="JyothiCyril" failures="0" tests="4" name="Amazon Application" time="32.205" errors="0" timestamp="2022-03-11T15:52:04 IST">
  <testcase classname="com.qa.testscripts.TC_Amazon_005" name="footerLinks" time="1.879"/>
  <testcase classname="com.qa.testscripts.TC_Amazon_003" name="validateTitle" time="0.015"/>
  <testcase classname="com.qa.testscripts.TC_Amazon_004" name="newUserReg" time="12.247"/>
  <testcase classname="com.qa.testscripts.TC_Amazon_003" name="searchItem" time="9.759"/>
</testsuite> <!-- Amazon Application -->
