<?xml version="1.0" encoding="UTF-8"?>
<!-- Generated by org.testng.reporters.JUnitXMLReporter -->
<testsuite ignored="1" hostname="JyothiCyril" failures="0" tests="4" name="Amazon Application - Edge" time="59.993" errors="0" timestamp="2022-03-14T15:27:24 IST">
  <testcase classname="com.qa.testscripts.TC_Amazon_003" name="searchItem" time="10.695"/>
  <testcase classname="com.qa.testscripts.TC_Amazon_003" name="searchItem" time="9.636"/>
  <testcase classname="com.qa.testscripts.TC_Amazon_003" name="searchItem" time="11.118"/>
  <testcase classname="com.qa.testscripts.TC_Amazon_003" name="searchItem" time="10.2"/>
  <testcase classname="com.qa.testscripts.TC_Amazon_003" name="validateTitle" time="0.0">
    <ignored/>
  </testcase> <!-- validateTitle -->
</testsuite> <!-- Amazon Application - Edge -->
