<?xml version="1.0" encoding="UTF-8"?>
<!-- Generated by org.testng.reporters.JUnitXMLReporter -->
<testsuite ignored="0" hostname="JyothiCyril" failures="0" tests="2" name="JQuery application- Chrome" time="8.439" errors="0" timestamp="2022-03-21T15:26:12 IST">
  <testcase classname="com.qa.testscripts.TC_ScreenshotDemo" name="screenshoByElement" time="0.451"/>
  <testcase classname="com.qa.testscripts.TC_ScreenshotDemo" name="screenshotDriver" time="0.815"/>
</testsuite> <!-- JQuery application- Chrome -->
