<?xml version="1.0" encoding="UTF-8"?>
<!-- Generated by org.testng.reporters.JUnitXMLReporter -->
<testsuite ignored="2" hostname="JyothiCyril" failures="0" tests="1" name="Oracle 8 Application - Frames- Chrome" time="10.637" errors="0" timestamp="2022-03-18T15:43:05 IST">
  <testcase classname="com.qa.testscripts.TC_DemoFrames_001" name="frameByElement" time="4.733"/>
  <testcase classname="com.qa.testscripts.TC_DemoFrames_001" name="frameByName" time="0.0">
    <ignored/>
  </testcase> <!-- frameByName -->
  <testcase classname="com.qa.testscripts.TC_DemoFrames_001" name="framesByIndex" time="0.0">
    <ignored/>
  </testcase> <!-- framesByIndex -->
</testsuite> <!-- Oracle 8 Application - Frames- Chrome -->
