<?xml version="1.0" encoding="UTF-8"?>
<testng-results ignored="0" total="2" passed="2" failed="0" skipped="0">
  <reporter-output>
  </reporter-output>
  <suite started-at="2022-03-21T15:26:04 IST" name="Functional Test Suite" finished-at="2022-03-21T15:26:12 IST" duration-ms="8439">
    <groups>
    </groups>
    <test started-at="2022-03-21T15:26:04 IST" name="JQuery application- Chrome" finished-at="2022-03-21T15:26:12 IST" duration-ms="8439">
      <class name="com.qa.testscripts.TC_ScreenshotDemo">
        <test-method is-config="true" signature="setUp(java.lang.String,java.lang.String)[pri:0, instance:com.qa.testscripts.TC_ScreenshotDemo@2f217633]" started-at="2022-03-21T15:26:04 IST" name="setUp" finished-at="2022-03-21T15:26:10 IST" duration-ms="5751" status="PASS">
          <params>
            <param index="0">
              <value>
                <![CDATA[Chrome]]>
              </value>
            </param>
            <param index="1">
              <value>
                <![CDATA[https://www.amazon.in/]]>
              </value>
            </param>
          </params>
          <reporter-output>
          </reporter-output>
        </test-method> <!-- setUp -->
        <test-method signature="screenshoByElement()[pri:0, instance:com.qa.testscripts.TC_ScreenshotDemo@2f217633]" started-at="2022-03-21T15:26:10 IST" name="screenshoByElement" finished-at="2022-03-21T15:26:10 IST" duration-ms="451" status="PASS">
          <reporter-output>
          </reporter-output>
        </test-method> <!-- screenshoByElement -->
        <test-method signature="screenshotDriver()[pri:0, instance:com.qa.testscripts.TC_ScreenshotDemo@2f217633]" started-at="2022-03-21T15:26:10 IST" name="screenshotDriver" finished-at="2022-03-21T15:26:11 IST" duration-ms="815" status="PASS">
          <reporter-output>
          </reporter-output>
        </test-method> <!-- screenshotDriver -->
        <test-method is-config="true" signature="tearDown()[pri:0, instance:com.qa.testscripts.TC_ScreenshotDemo@2f217633]" started-at="2022-03-21T15:26:11 IST" name="tearDown" finished-at="2022-03-21T15:26:12 IST" duration-ms="1153" status="PASS">
          <reporter-output>
          </reporter-output>
        </test-method> <!-- tearDown -->
      </class> <!-- com.qa.testscripts.TC_ScreenshotDemo -->
    </test> <!-- JQuery application- Chrome -->
  </suite> <!-- Functional Test Suite -->
</testng-results>
